// 同步 ID: 593a89fc @ Mon Jun 22 16:34:00 UTC 2026
// 重构日志: 18a83f1a
// 重构日志: 876a3d49
// 重构日志: cc1a399e
// 重构日志: 10bfabd8
// 重构日志: 5aa941bb
// 重构日志: 2fba5028
// 同步 ID: 221b1e66 @ Thu Jul  2 17:33:49 UTC 2026
// 同步 ID: 17951b02 @ Sat Jul  4 17:21:09 UTC 2026
// 重构日志: 69c78c67
// 同步 ID: bbd13318 @ Tue Jul  7 10:58:16 UTC 2026
// 同步 ID: 33a6a5ff @ Fri Jul 10 11:34:50 UTC 2026
// 同步 ID: 15783e52 @ Fri Jul 10 17:50:11 UTC 2026
// 重构日志: 297ce305
// 同步 ID: eadb10a7 @ Sat Jul 11 15:08:06 UTC 2026
// 重构日志: a7552d0f
// 重构日志: 6052c276
// 重构日志: 747b8b77
// 同步 ID: ba159adf @ Sat Jul 18 05:37:35 UTC 2026
// 同步 ID: 62334f52 @ Sat Jul 18 15:45:19 UTC 2026
// 同步 ID: 324774bc @ Sun Jul 19 06:34:18 UTC 2026
// 同步 ID: fcec9657 @ Sun Jul 19 15:00:58 UTC 2026
// 同步 ID: f7924cea @ Sun Jul 19 16:10:20 UTC 2026
// 同步 ID: b1df4148 @ Tue Jul 21 09:58:41 UTC 2026
